\o Program:		@(#)$CDS: libManager version 6.1.8 - CAT37 06/02/2021 23:23 (sjfdcl1073) $
\o Sub version:		sub-version  s195 
\o Arguments:		-mpssession virtuoso24536 -mpshost ecs-pa-hawking.ecs.csus.edu 
\o Working Directory:	ecs-pa-hawking.ecs.csus.edu:/home/student/vrykov/EEE235/pfd
\o 64-bit offsets
\o Qt version: 		5.9.1
\o Log file is "/home/student/vrykov/EEE235/pfd/libManager.log".
\o Opening libManager window.
\a nrResizeWindow(cdsLibManager list(458 129 602 491))
\a nrSetCurrentWindow(cdsLibManager)
\o changeWorkingDir("/home/student/vrykov/EEE235/pfd") unnecessary.
\o ddSetForcedLib("") unnecessary.
\o MPS service: map window
\o Loading customization file "/opt/msdl_setup/cdk-ncsu-setup-files/cds_files/0.18u/cdsLibMgr.il"
\o Loading NCSU Library Manager customizations...done.
\o Library Manager customization server connected.
\a cdsLibManager->libListBox->value = "work_VR"
\a cdsLibManager->libLineEdit->value = "work_VR"
\a cdsLibManager->cellListBox->value = "cpump"
\a cdsLibManager->cellLineEdit->value = "cpump"
\a nrSetCurrentWindow(cdsLibManager)
\a cdsLibManager->cellLineEdit->value = ""
\a cdsLibManager->cellListBox->value = nil
\a cdsLibManager->cellListBox->value = "cpump"
\a cdsLibManager->cellLineEdit->value = "cpump"
\o MPS request: edit design
\a nrListItemAction(cdsLibManager->cellListBox 0 0)
\a cdsLibManager->libListBox->value = nil
\a cdsLibManager->libLineEdit->value = ""
\a cdsLibManager->cellLineEdit->value = ""
\a cdsLibManager->cellListBox->value = nil
\a cdsLibManager->libListBox->value = "work_VR"
\a cdsLibManager->libLineEdit->value = "work_VR"
\a cdsLibManager->cellListBox->value = "cpump"
\a cdsLibManager->cellLineEdit->value = "cpump"
\a nrSetCurrentWindow(cdsLibManager)
\a cdsLibManager->libListBox->value = nil
\a cdsLibManager->libLineEdit->value = ""
\a cdsLibManager->cellLineEdit->value = ""
\a cdsLibManager->cellListBox->value = nil
\a cdsLibManager->libListBox->value = "work_VR"
\a cdsLibManager->libLineEdit->value = "work_VR"
\a cdsLibManager->cellListBox->value = "cpump"
\a cdsLibManager->cellLineEdit->value = "cpump"
\a nrSetCurrentWindow(cdsLibManager)
\a nrSetCurrentWindow(cdsLibManager)
\a cdsLibManager->cellListBox->value = "inverter"
\a cdsLibManager->cellLineEdit->value = "inverter"
\a cdsLibManager->cellLineEdit->value = ""
\a cdsLibManager->cellListBox->value = nil
\a cdsLibManager->cellListBox->value = "inverter"
\a cdsLibManager->cellLineEdit->value = "inverter"
\o MPS request: edit design
\a nrListItemAction(cdsLibManager->cellListBox 1 0)
\a cdsLibManager->libListBox->value = nil
\a cdsLibManager->libLineEdit->value = ""
\a cdsLibManager->cellListBox->value = nil
\a cdsLibManager->cellLineEdit->value = ""
\a cdsLibManager->libListBox->value = "work_VR"
\a cdsLibManager->libLineEdit->value = "work_VR"
\a cdsLibManager->cellListBox->value = "inverter"
\a cdsLibManager->cellLineEdit->value = "inverter"
\a nrSetCurrentWindow(cdsLibManager)
\a nrSetCurrentWindow(cdsLibManager)
\a nrSetCurrentWindow(cdsLibManager)
\a nrSetCurrentWindow(cdsLibManager)
\a cdsLibManager->cellListBox->value = "pfd"
\a cdsLibManager->cellLineEdit->value = "pfd"
\a cdsLibManager->cellLineEdit->value = ""
\a cdsLibManager->cellListBox->value = nil
\a cdsLibManager->cellListBox->value = "pfd"
\a cdsLibManager->cellLineEdit->value = "pfd"
\o MPS request: edit design
\a nrListItemAction(cdsLibManager->cellListBox 2 0)
\a cdsLibManager->libListBox->value = nil
\a cdsLibManager->libLineEdit->value = ""
\a cdsLibManager->cellListBox->value = nil
\a cdsLibManager->cellLineEdit->value = ""
\a cdsLibManager->libListBox->value = "work_VR"
\a cdsLibManager->libLineEdit->value = "work_VR"
\a cdsLibManager->cellListBox->value = "pfd"
\a cdsLibManager->cellLineEdit->value = "pfd"
\a nrSetCurrentWindow(cdsLibManager)
\a nrResizeWindow(cdsLibManager list(438 135 602 491))
\a nrSetCurrentWindow(cdsLibManager)
\a cdsLibManager->cellListBox->value = "reset_logic"
\a cdsLibManager->cellLineEdit->value = "reset_logic"
\a cdsLibManager->cellLineEdit->value = ""
\a cdsLibManager->cellListBox->value = nil
\a cdsLibManager->cellListBox->value = "reset_logic"
\a cdsLibManager->cellLineEdit->value = "reset_logic"
\o MPS request: edit design
\a nrListItemAction(cdsLibManager->cellListBox 3 0)
\a cdsLibManager->libListBox->value = nil
\a cdsLibManager->libLineEdit->value = ""
\a cdsLibManager->cellListBox->value = nil
\a cdsLibManager->cellLineEdit->value = ""
\a cdsLibManager->libListBox->value = "work_VR"
\a cdsLibManager->libLineEdit->value = "work_VR"
\a cdsLibManager->cellListBox->value = "reset_logic"
\a cdsLibManager->cellLineEdit->value = "reset_logic"
\a nrSetCurrentWindow(cdsLibManager)
\a nrSetCurrentWindow(cdsLibManager)
\a nrSetCurrentWindow(cdsLibManager)
\a nrSetCurrentWindow(cdsLibManager)
\a cdsLibManager->cellListBox->value = "rs_latch"
\a cdsLibManager->cellLineEdit->value = "rs_latch"
\a cdsLibManager->cellLineEdit->value = ""
\a cdsLibManager->cellListBox->value = nil
\a cdsLibManager->cellListBox->value = "rs_latch"
\a cdsLibManager->cellLineEdit->value = "rs_latch"
\o MPS request: edit design
\a nrListItemAction(cdsLibManager->cellListBox 4 0)
\a cdsLibManager->libListBox->value = nil
\a cdsLibManager->libLineEdit->value = ""
\a cdsLibManager->cellListBox->value = nil
\a cdsLibManager->cellLineEdit->value = ""
\a cdsLibManager->libListBox->value = "work_VR"
\a cdsLibManager->libLineEdit->value = "work_VR"
\a cdsLibManager->cellListBox->value = "rs_latch"
\a cdsLibManager->cellLineEdit->value = "rs_latch"
\a nrSetCurrentWindow(cdsLibManager)
\a nrSetCurrentWindow(cdsLibManager)
\a cdsLibManager->cellListBox->value = "zz_cpump"
\a cdsLibManager->cellLineEdit->value = "zz_cpump"
\a cdsLibManager->viewListBox->value = "schematic"
\a cdsLibManager->viewLineEdit->value = "schematic"
\a cdsLibManager->cellListBox->value = "zz_pfd"
\a cdsLibManager->cellLineEdit->value = "zz_pfd"
\a cdsLibManager->viewLineEdit->value = ""
\a cdsLibManager->viewListBox->value = nil
\a cdsLibManager->viewListBox->value = "schematic"
\a cdsLibManager->viewLineEdit->value = "schematic"
\a cdsLibManager->cellListBox->value = "zz_pfd_cpump"
\a cdsLibManager->cellLineEdit->value = "zz_pfd_cpump"
\a cdsLibManager->viewLineEdit->value = ""
\a cdsLibManager->viewListBox->value = nil
\a cdsLibManager->viewListBox->value = "schematic"
\a cdsLibManager->viewLineEdit->value = "schematic"
\a cdsLibManager->cellListBox->value = "zz_cpump"
\a cdsLibManager->cellLineEdit->value = "zz_cpump"
\a cdsLibManager->viewLineEdit->value = ""
\a cdsLibManager->viewListBox->value = nil
\a cdsLibManager->viewListBox->value = "schematic"
\a cdsLibManager->viewLineEdit->value = "schematic"
\a cdsLibManager->cellListBox->value = "zz_pfd_cpump"
\a cdsLibManager->cellLineEdit->value = "zz_pfd_cpump"
\a cdsLibManager->viewLineEdit->value = ""
\a cdsLibManager->viewListBox->value = nil
\a cdsLibManager->viewListBox->value = "schematic"
\a cdsLibManager->viewLineEdit->value = "schematic"
\a cdsLibManager->cellLineEdit->value = ""
\a cdsLibManager->cellListBox->value = nil
\a cdsLibManager->viewLineEdit->value = ""
\a cdsLibManager->viewListBox->value = nil
\a cdsLibManager->cellListBox->value = "zz_pfd_cpump"
\a cdsLibManager->cellLineEdit->value = "zz_pfd_cpump"
\a cdsLibManager->viewListBox->value = "schematic"
\a cdsLibManager->viewLineEdit->value = "schematic"
\a cdsLibManager->viewLineEdit->value = ""
\a cdsLibManager->viewListBox->value = nil
\o MPS request: edit design
\a nrListItemAction(cdsLibManager->cellListBox 7 0)
\a cdsLibManager->libListBox->value = nil
\a cdsLibManager->libLineEdit->value = ""
\a cdsLibManager->cellListBox->value = nil
\a cdsLibManager->cellLineEdit->value = ""
\a cdsLibManager->libListBox->value = "work_VR"
\a cdsLibManager->libLineEdit->value = "work_VR"
\a cdsLibManager->cellListBox->value = "zz_pfd_cpump"
\a cdsLibManager->cellLineEdit->value = "zz_pfd_cpump"
\a cdsLibManager->viewListBox->value = "schematic"
\a cdsLibManager->viewLineEdit->value = "schematic"
\a cdsLibManager->viewLineEdit->value = ""
\a cdsLibManager->viewListBox->value = nil
\a cdsLibManager->viewListBox->value = "schematic"
\a cdsLibManager->viewLineEdit->value = "schematic"
\a nrSetCurrentWindow(cdsLibManager)
